[2014-10-05 14:19:12.101] [INFO] app - Listening on port 80
[2014-10-05 14:23:50.788] [INFO] app - { title: 'Hello World!',
  looking: 'backend dev',
  keywords: 'Ruby, NodeJS',
  size: '5',
  description: 'This will be awesome',
  gid: '3a30b530-4c9b-11e4-a03a-31fdf25efabe' }
[2014-10-05 14:23:50.805] [INFO] app - { grouptype: 'Beginner Friendly',
  gid: '3a337450-4c9b-11e4-a03a-31fdf25efabe' }
[2014-10-05 14:25:50.849] [INFO] app - { grouptype: 'Beginner Friendly',
  gid: '81c0b710-4c9b-11e4-a03a-31fdf25efabe' }
[2014-10-05 14:25:50.858] [INFO] app - { title: 'Hello World!',
  looking: 'backend dev',
  keywords: 'Ruby, NodeJS',
  size: '5',
  description: 'This will be awesome',
  gid: '81c216a0-4c9b-11e4-a03a-31fdf25efabe' }
[2014-10-05 14:27:51.260] [INFO] app - { grouptype: 'Beginner Friendly',
  gid: 'c985f9c0-4c9b-11e4-a03a-31fdf25efabe' }
[2014-10-05 14:31:48.781] [INFO] app - Listening on port 80
[2014-10-05 14:32:21.499] [INFO] app - { grouptype: 'Hack to Win',
  gid: '6a9905a0-4c9c-11e4-92d3-a9f60f5bceed' }
[2014-10-05 14:32:26.822] [INFO] app - { grouptype: 'Hack to Win',
  gid: '6dc56660-4c9c-11e4-92d3-a9f60f5bceed' }
[2014-10-05 14:34:36.843] [INFO] app - Listening on port 80
[2014-10-05 14:35:19.008] [INFO] app - { hackathon: 'calhacks',
  title: 'Hello World!',
  looking: 'backend dev',
  keywords: 'Nodes, ',
  size: '12',
  description: 'sadf',
  gid: 'd466bef0-4c9c-11e4-a8d4-29b209d5c673' }
[2014-10-05 14:35:19.012] [INFO] app - { grouptype: 'Hack to Win',
  gid: 'd4678240-4c9c-11e4-a8d4-29b209d5c673' }
[2014-10-05 14:37:19.358] [INFO] app - { grouptype: 'Hack to Win',
  gid: '1c22d9e0-4c9d-11e4-a8d4-29b209d5c673' }
[2014-10-05 14:37:19.360] [INFO] app - { hackathon: 'calhacks',
  title: 'Hello World!',
  looking: 'backend dev',
  keywords: 'Nodes, ',
  size: '12',
  description: 'sadf',
  gid: '1c232800-4c9d-11e4-a8d4-29b209d5c673' }
[2014-10-05 14:39:19.576] [INFO] app - { grouptype: 'Hack to Win',
  gid: '63caa980-4c9d-11e4-a8d4-29b209d5c673' }
